2023-09-24 22:04:59.290 [main] INFO  c.e.tarea1.Tarea1ApplicationTests - Starting Tarea1ApplicationTests using Java 17.0.8.1 with PID 53812 (started by isaidiaz in /home/isaidiaz/Personal/Código/Backend/Spring Boot/tarea1)
2023-09-24 22:04:59.298 [main] INFO  c.e.tarea1.Tarea1ApplicationTests - No active profile set, falling back to 1 default profile: "default"
2023-09-24 22:04:59.450 [main] DEBUG o.s.w.c.s.GenericWebApplicationContext - Refreshing org.springframework.web.context.support.GenericWebApplicationContext@138a7441
2023-09-24 22:05:01.771 [main] INFO  o.s.d.r.c.RepositoryConfigurationDelegate - Bootstrapping Spring Data JPA repositories in DEFAULT mode.
2023-09-24 22:05:01.992 [main] INFO  o.s.d.r.c.RepositoryConfigurationDelegate - Finished Spring Data repository scanning in 192 ms. Found 2 JPA repository interfaces.
2023-09-24 22:05:04.708 [main] INFO  o.s.o.j.p.SpringPersistenceUnitInfo - No LoadTimeWeaver setup: ignoring JPA class transformer
2023-09-24 22:05:04.757 [main] INFO  com.zaxxer.hikari.HikariDataSource - HikariPool-1 - Starting...
2023-09-24 22:05:05.459 [main] INFO  com.zaxxer.hikari.pool.HikariPool - HikariPool-1 - Added connection org.postgresql.jdbc.PgConnection@c0c8f96
2023-09-24 22:05:05.465 [main] INFO  com.zaxxer.hikari.HikariDataSource - HikariPool-1 - Start completed.
2023-09-24 22:05:08.798 [main] INFO  o.s.o.j.LocalContainerEntityManagerFactoryBean - Initialized JPA EntityManagerFactory for persistence unit 'default'
2023-09-24 22:05:10.724 [main] WARN  o.s.b.a.o.j.JpaBaseConfiguration$JpaWebConfiguration - spring.jpa.open-in-view is enabled by default. Therefore, database queries may be performed during view rendering. Explicitly configure spring.jpa.open-in-view to disable this warning
2023-09-24 22:05:11.320 [main] DEBUG o.s.w.s.m.m.a.RequestMappingHandlerAdapter - ControllerAdvice beans: 0 @ModelAttribute, 0 @InitBinder, 1 RequestBodyAdvice, 1 ResponseBodyAdvice
2023-09-24 22:05:11.652 [main] DEBUG o.s.w.s.m.m.a.RequestMappingHandlerMapping - 9 mappings in 'requestMappingHandlerMapping'
2023-09-24 22:05:11.754 [main] DEBUG o.s.w.s.h.SimpleUrlHandlerMapping - Patterns [/webjars/**, /**] in 'resourceHandlerMapping'
2023-09-24 22:05:11.796 [main] DEBUG o.s.w.s.m.m.a.ExceptionHandlerExceptionResolver - ControllerAdvice beans: 1 @ExceptionHandler, 1 ResponseBodyAdvice
2023-09-24 22:05:12.164 [main] INFO  c.e.tarea1.Tarea1ApplicationTests - Started Tarea1ApplicationTests in 14.365 seconds (process running for 17.392)
2023-09-24 22:05:14.005 [SpringApplicationShutdownHook] DEBUG o.s.w.c.s.GenericWebApplicationContext - Closing org.springframework.web.context.support.GenericWebApplicationContext@138a7441, started on Sun Sep 24 22:04:59 BOT 2023
2023-09-24 22:05:14.014 [SpringApplicationShutdownHook] INFO  o.s.o.j.LocalContainerEntityManagerFactoryBean - Closing JPA EntityManagerFactory for persistence unit 'default'
2023-09-24 22:05:14.022 [SpringApplicationShutdownHook] INFO  com.zaxxer.hikari.HikariDataSource - HikariPool-1 - Shutdown initiated...
2023-09-24 22:05:14.048 [SpringApplicationShutdownHook] INFO  com.zaxxer.hikari.HikariDataSource - HikariPool-1 - Shutdown completed.
2023-09-24 22:05:20.568 [main] INFO  c.example.tarea1.Tarea1Application - Starting Tarea1Application using Java 17.0.8.1 with PID 53888 (/home/isaidiaz/Personal/Código/Backend/Spring Boot/tarea1/target/classes started by isaidiaz in /home/isaidiaz/Personal/Código/Backend/Spring Boot/tarea1)
2023-09-24 22:05:20.577 [main] INFO  c.example.tarea1.Tarea1Application - No active profile set, falling back to 1 default profile: "default"
2023-09-24 22:05:22.142 [main] INFO  o.s.d.r.c.RepositoryConfigurationDelegate - Bootstrapping Spring Data JPA repositories in DEFAULT mode.
2023-09-24 22:05:22.281 [main] INFO  o.s.d.r.c.RepositoryConfigurationDelegate - Finished Spring Data repository scanning in 118 ms. Found 2 JPA repository interfaces.
2023-09-24 22:05:23.526 [main] INFO  o.s.b.w.e.tomcat.TomcatWebServer - Tomcat initialized with port(s): 8081 (http)
2023-09-24 22:05:23.557 [main] INFO  o.a.catalina.core.StandardService - Starting service [Tomcat]
2023-09-24 22:05:23.559 [main] INFO  o.a.catalina.core.StandardEngine - Starting Servlet engine: [Apache Tomcat/10.1.11]
2023-09-24 22:05:23.795 [main] INFO  o.a.c.c.C.[Tomcat].[localhost].[/] - Initializing Spring embedded WebApplicationContext
2023-09-24 22:05:23.800 [main] INFO  o.s.b.w.s.c.ServletWebServerApplicationContext - Root WebApplicationContext: initialization completed in 3068 ms
2023-09-24 22:05:24.787 [main] INFO  o.s.o.j.p.SpringPersistenceUnitInfo - No LoadTimeWeaver setup: ignoring JPA class transformer
2023-09-24 22:05:24.822 [main] INFO  com.zaxxer.hikari.HikariDataSource - HikariPool-1 - Starting...
2023-09-24 22:05:25.153 [main] INFO  com.zaxxer.hikari.pool.HikariPool - HikariPool-1 - Added connection org.postgresql.jdbc.PgConnection@3b218c74
2023-09-24 22:05:25.157 [main] INFO  com.zaxxer.hikari.HikariDataSource - HikariPool-1 - Start completed.
2023-09-24 22:05:27.351 [main] INFO  o.s.o.j.LocalContainerEntityManagerFactoryBean - Initialized JPA EntityManagerFactory for persistence unit 'default'
2023-09-24 22:05:28.241 [main] WARN  o.s.b.a.o.j.JpaBaseConfiguration$JpaWebConfiguration - spring.jpa.open-in-view is enabled by default. Therefore, database queries may be performed during view rendering. Explicitly configure spring.jpa.open-in-view to disable this warning
2023-09-24 22:05:28.520 [main] DEBUG o.s.w.s.m.m.a.RequestMappingHandlerAdapter - ControllerAdvice beans: 0 @ModelAttribute, 0 @InitBinder, 1 RequestBodyAdvice, 1 ResponseBodyAdvice
2023-09-24 22:05:28.725 [main] DEBUG o.s.w.s.m.m.a.RequestMappingHandlerMapping - 9 mappings in 'requestMappingHandlerMapping'
2023-09-24 22:05:28.788 [main] DEBUG o.s.w.s.h.SimpleUrlHandlerMapping - Patterns [/webjars/**, /**] in 'resourceHandlerMapping'
2023-09-24 22:05:28.815 [main] DEBUG o.s.w.s.m.m.a.ExceptionHandlerExceptionResolver - ControllerAdvice beans: 1 @ExceptionHandler, 1 ResponseBodyAdvice
2023-09-24 22:05:29.064 [main] INFO  o.s.b.w.e.tomcat.TomcatWebServer - Tomcat started on port(s): 8081 (http) with context path ''
2023-09-24 22:05:29.094 [main] INFO  c.example.tarea1.Tarea1Application - Started Tarea1Application in 9.985 seconds (process running for 11.175)
2023-09-24 22:05:37.276 [http-nio-8081-exec-1] INFO  o.a.c.c.C.[Tomcat].[localhost].[/] - Initializing Spring DispatcherServlet 'dispatcherServlet'
2023-09-24 22:05:37.278 [http-nio-8081-exec-1] INFO  o.s.web.servlet.DispatcherServlet - Initializing Servlet 'dispatcherServlet'
2023-09-24 22:05:37.281 [http-nio-8081-exec-1] DEBUG o.s.web.servlet.DispatcherServlet - Detected StandardServletMultipartResolver
2023-09-24 22:05:37.282 [http-nio-8081-exec-1] DEBUG o.s.web.servlet.DispatcherServlet - Detected AcceptHeaderLocaleResolver
2023-09-24 22:05:37.283 [http-nio-8081-exec-1] DEBUG o.s.web.servlet.DispatcherServlet - Detected FixedThemeResolver
2023-09-24 22:05:37.286 [http-nio-8081-exec-1] DEBUG o.s.web.servlet.DispatcherServlet - Detected org.springframework.web.servlet.view.DefaultRequestToViewNameTranslator@1af78e37
2023-09-24 22:05:37.288 [http-nio-8081-exec-1] DEBUG o.s.web.servlet.DispatcherServlet - Detected org.springframework.web.servlet.support.SessionFlashMapManager@52463255
2023-09-24 22:05:37.290 [http-nio-8081-exec-1] DEBUG o.s.web.servlet.DispatcherServlet - enableLoggingRequestDetails='false': request parameters and headers will be masked to prevent unsafe logging of potentially sensitive data
2023-09-24 22:05:37.291 [http-nio-8081-exec-1] INFO  o.s.web.servlet.DispatcherServlet - Completed initialization in 10 ms
2023-09-24 22:05:37.324 [http-nio-8081-exec-1] DEBUG o.s.web.servlet.DispatcherServlet - GET "/api/v1/imagenes", parameters={}
2023-09-24 22:05:37.363 [http-nio-8081-exec-1] DEBUG o.s.w.s.m.m.a.RequestMappingHandlerMapping - Mapped to com.example.tarea1.api.ImagenAPI#getAllImagenes(int, int)
2023-09-24 22:05:37.439 [http-nio-8081-exec-1] INFO  com.example.tarea1.bl.ImagenBL - Obteniendo todas las imágenes
2023-09-24 22:05:37.748 [http-nio-8081-exec-1] INFO  com.example.tarea1.bl.ImagenBL - Imágenes obtenidas
2023-09-24 22:05:37.890 [http-nio-8081-exec-1] DEBUG o.s.w.s.m.m.a.HttpEntityMethodProcessor - Using 'application/json;q=0.8', given [text/html, application/xhtml+xml, image/avif, image/webp, image/apng, application/xml;q=0.9, */*;q=0.8] and supported [application/json, application/*+json]
2023-09-24 22:05:37.895 [http-nio-8081-exec-1] DEBUG o.s.w.s.m.m.a.HttpEntityMethodProcessor - Writing [Page 1 of 1 containing com.example.tarea1.dto.ImagenDTO instances]
2023-09-24 22:05:37.981 [http-nio-8081-exec-1] DEBUG o.s.web.servlet.DispatcherServlet - Completed 200 OK
2023-09-24 22:05:40.692 [http-nio-8081-exec-2] DEBUG o.s.web.servlet.DispatcherServlet - GET "/api/v1/imagenes", parameters={}
2023-09-24 22:05:40.695 [http-nio-8081-exec-2] DEBUG o.s.w.s.m.m.a.RequestMappingHandlerMapping - Mapped to com.example.tarea1.api.ImagenAPI#getAllImagenes(int, int)
2023-09-24 22:05:40.700 [http-nio-8081-exec-2] INFO  com.example.tarea1.bl.ImagenBL - Obteniendo todas las imágenes
2023-09-24 22:05:40.723 [http-nio-8081-exec-2] INFO  com.example.tarea1.bl.ImagenBL - Imágenes obtenidas
2023-09-24 22:05:40.730 [http-nio-8081-exec-2] DEBUG o.s.w.s.m.m.a.HttpEntityMethodProcessor - Using 'application/json;q=0.8', given [text/html, application/xhtml+xml, image/avif, image/webp, image/apng, application/xml;q=0.9, */*;q=0.8] and supported [application/json, application/*+json]
2023-09-24 22:05:40.734 [http-nio-8081-exec-2] DEBUG o.s.w.s.m.m.a.HttpEntityMethodProcessor - Writing [Page 1 of 1 containing com.example.tarea1.dto.ImagenDTO instances]
2023-09-24 22:05:40.757 [http-nio-8081-exec-2] DEBUG o.s.web.servlet.DispatcherServlet - Completed 200 OK
2023-09-24 22:06:10.633 [http-nio-8081-exec-3] DEBUG o.s.web.servlet.DispatcherServlet - GET "/api/v1/imagenes", parameters={}
2023-09-24 22:06:10.638 [http-nio-8081-exec-3] DEBUG o.s.w.s.m.m.a.RequestMappingHandlerMapping - Mapped to com.example.tarea1.api.ImagenAPI#getAllImagenes(int, int)
2023-09-24 22:06:10.641 [http-nio-8081-exec-3] INFO  com.example.tarea1.bl.ImagenBL - Obteniendo todas las imágenes
2023-09-24 22:06:10.660 [http-nio-8081-exec-3] INFO  com.example.tarea1.bl.ImagenBL - Imágenes obtenidas
2023-09-24 22:06:10.663 [http-nio-8081-exec-3] DEBUG o.s.w.s.m.m.a.HttpEntityMethodProcessor - Using 'application/json;q=0.8', given [text/html, application/xhtml+xml, image/avif, image/webp, image/apng, application/xml;q=0.9, */*;q=0.8] and supported [application/json, application/*+json]
2023-09-24 22:06:10.665 [http-nio-8081-exec-3] DEBUG o.s.w.s.m.m.a.HttpEntityMethodProcessor - Writing [Page 1 of 1 containing com.example.tarea1.dto.ImagenDTO instances]
2023-09-24 22:06:10.670 [http-nio-8081-exec-3] DEBUG o.s.web.servlet.DispatcherServlet - Completed 200 OK
2023-09-24 22:06:13.320 [http-nio-8081-exec-4] DEBUG o.s.web.servlet.DispatcherServlet - GET "/api/v1/imagenes", parameters={}
2023-09-24 22:06:13.322 [http-nio-8081-exec-4] DEBUG o.s.w.s.m.m.a.RequestMappingHandlerMapping - Mapped to com.example.tarea1.api.ImagenAPI#getAllImagenes(int, int)
2023-09-24 22:06:13.325 [http-nio-8081-exec-4] INFO  com.example.tarea1.bl.ImagenBL - Obteniendo todas las imágenes
2023-09-24 22:06:13.340 [http-nio-8081-exec-4] INFO  com.example.tarea1.bl.ImagenBL - Imágenes obtenidas
2023-09-24 22:06:13.343 [http-nio-8081-exec-4] DEBUG o.s.w.s.m.m.a.HttpEntityMethodProcessor - Using 'application/json;q=0.8', given [text/html, application/xhtml+xml, image/avif, image/webp, image/apng, application/xml;q=0.9, */*;q=0.8] and supported [application/json, application/*+json]
2023-09-24 22:06:13.345 [http-nio-8081-exec-4] DEBUG o.s.w.s.m.m.a.HttpEntityMethodProcessor - Writing [Page 1 of 1 containing com.example.tarea1.dto.ImagenDTO instances]
2023-09-24 22:06:13.350 [http-nio-8081-exec-4] DEBUG o.s.web.servlet.DispatcherServlet - Completed 200 OK
2023-09-24 23:05:20.360 [HikariPool-1 housekeeper] WARN  com.zaxxer.hikari.pool.HikariPool - HikariPool-1 - Thread starvation or clock leap detected (housekeeper delta=41m4s308ms98µs956ns).
2023-09-24 23:08:41.303 [SpringApplicationShutdownHook] INFO  o.s.o.j.LocalContainerEntityManagerFactoryBean - Closing JPA EntityManagerFactory for persistence unit 'default'
2023-09-24 23:08:41.363 [SpringApplicationShutdownHook] INFO  com.zaxxer.hikari.HikariDataSource - HikariPool-1 - Shutdown initiated...
2023-09-24 23:08:41.392 [SpringApplicationShutdownHook] INFO  com.zaxxer.hikari.HikariDataSource - HikariPool-1 - Shutdown completed.
